Post Processor Report
OrCAD FILE: C:\USERS\RAFEL\DOCUMENTS\PROJECTES\SOC\T3\DISENO\HARDWARE\VERSION1_0\LAYOUT\CAMERABOARD\CAMERABOARD.MAX
Wed Mar 28 11:50:51 2012

*********************************************************

Output file: C:\USERS\RAFEL\DOCUMENTS\PROJECTES\SOC\T3\DISENO\HARDWARE\VERSION1_0\LAYOUT\CAMERABOARD\CAMERABOARD.TOP

Aperture totals for C:\USERS\RAFEL\DOCUMENTS\PROJECTES\SOC\T3\DISENO\HARDWARE\VERSION1_0\LAYOUT\CAMERABOARD\CAMERABOARD.TOP:
---------------------------------------------------------
D10:  0.1100 ROUND  --       0 Draws,       4 Flashes
D11:  0.1378 ROUND  --       0 Draws,       2 Flashes
D12:  0.0748 x 0.0315 RECTANGLE -----       2 Flashes
D13:  0.0866 x 0.0315 RECTANGLE -----       2 Flashes
D14:  0.0320 x 0.0380 RECTANGLE -----      12 Flashes
D15:  0.0380 x 0.0320 RECTANGLE -----       4 Flashes
D16:  0.0480 x 0.0760 RECTANGLE -----       2 Flashes
D17:  0.0620 ROUND  --       0 Draws,      27 Flashes
D18:  0.0620 SQUARE --       0 Draws,       3 Flashes
D19:  0.0787 x 0.0472 OBLONG    -----       4 Flashes
D20:  0.0504 SQUARE --       0 Draws,       4 Flashes
D21:  0.0504 x 0.0779 RECTANGLE -----       2 Flashes
D22:  0.0220 SQUARE --       0 Draws,       8 Flashes
D23:  0.1181 x 0.0866 RECTANGLE -----       1 Flashes
D24:  0.0394 x 0.0866 RECTANGLE -----       3 Flashes
D25:  0.0118 x 0.0630 RECTANGLE -----       8 Flashes
D26:  0.0300 ROUND  --       0 Draws,       2 Flashes
D27:  0.0020 ROUND  --    7057 Draws,       0 Flashes
D28:  0.0004 ROUND  --    1808 Draws,       0 Flashes
D29:  0.0000 ROUND  --    3086 Draws,       0 Flashes
D30:  0.0300 ROUND  --       0 Draws,       2 Flashes
D31:  0.0100 ROUND  --     199 Draws,       0 Flashes
D32:  0.0300 ROUND  --       0 Draws,      55 Flashes
D33:  0.0138 ROUND  --     120 Draws,       0 Flashes
D34:  0.0098 ROUND  --      20 Draws,       0 Flashes
D35:  0.0059 ROUND  --       1 Draws,       0 Flashes
D36:  0.0079 ROUND  --       3 Draws,       0 Flashes
---------------------------------------------------------
 27 D-Codes      -----   12294 Draws,     147 Flashes

*********************************************************

Output file: C:\USERS\RAFEL\DOCUMENTS\PROJECTES\SOC\T3\DISENO\HARDWARE\VERSION1_0\LAYOUT\CAMERABOARD\CAMERABOARD.BOT

Aperture totals for C:\USERS\RAFEL\DOCUMENTS\PROJECTES\SOC\T3\DISENO\HARDWARE\VERSION1_0\LAYOUT\CAMERABOARD\CAMERABOARD.BOT:
---------------------------------------------------------
D14:  0.0320 x 0.0380 RECTANGLE -----       6 Flashes
D15:  0.0380 x 0.0320 RECTANGLE -----      26 Flashes
D17:  0.0620 ROUND  --       0 Draws,      27 Flashes
D18:  0.0620 SQUARE --       0 Draws,       3 Flashes
D19:  0.0787 x 0.0472 OBLONG    -----       4 Flashes
D26:  0.0300 ROUND  --       0 Draws,       2 Flashes
D27:  0.0020 ROUND  --    5097 Draws,       0 Flashes
D28:  0.0004 ROUND  --    3083 Draws,       0 Flashes
D29:  0.0000 ROUND  --      69 Draws,       0 Flashes
D30:  0.0300 ROUND  --       0 Draws,       2 Flashes
D31:  0.0100 ROUND  --     191 Draws,       0 Flashes
D32:  0.0300 ROUND  --       0 Draws,      55 Flashes
D33:  0.0138 ROUND  --     287 Draws,       0 Flashes
D34:  0.0098 ROUND  --      25 Draws,       0 Flashes
D37:  0.1000 ROUND  --       0 Draws,       4 Flashes
D38:  0.0551 ROUND  --       0 Draws,       2 Flashes
D39:  0.0138 x 0.0630 RECTANGLE -----      14 Flashes
D40:  0.0197 x 0.0787 RECTANGLE -----       1 Flashes
D41:  0.0197 x 0.0590 OBLONG    -----       4 Flashes
D42:  0.0590 x 0.0197 OBLONG    -----       4 Flashes
D43:  0.0590 x 0.0197 RECTANGLE -----      20 Flashes
D44:  0.0197 x 0.0590 RECTANGLE -----      19 Flashes
---------------------------------------------------------
 22 D-Codes      -----    8752 Draws,     193 Flashes

*********************************************************

Output file: C:\USERS\RAFEL\DOCUMENTS\PROJECTES\SOC\T3\DISENO\HARDWARE\VERSION1_0\LAYOUT\CAMERABOARD\CAMERABOARD.SMT

Aperture totals for C:\USERS\RAFEL\DOCUMENTS\PROJECTES\SOC\T3\DISENO\HARDWARE\VERSION1_0\LAYOUT\CAMERABOARD\CAMERABOARD.SMT:
---------------------------------------------------------
D11:  0.1378 ROUND  --       0 Draws,       2 Flashes
D12:  0.0748 x 0.0315 RECTANGLE -----       2 Flashes
D13:  0.0866 x 0.0315 RECTANGLE -----       2 Flashes
D14:  0.0320 x 0.0380 RECTANGLE -----      12 Flashes
D15:  0.0380 x 0.0320 RECTANGLE -----       4 Flashes
D16:  0.0480 x 0.0760 RECTANGLE -----       2 Flashes
D19:  0.0787 x 0.0472 OBLONG    -----       4 Flashes
D22:  0.0220 SQUARE --       0 Draws,       8 Flashes
D23:  0.1181 x 0.0866 RECTANGLE -----       1 Flashes
D24:  0.0394 x 0.0866 RECTANGLE -----       3 Flashes
D25:  0.0118 x 0.0630 RECTANGLE -----       8 Flashes
D45:  0.1050 ROUND  --       0 Draws,       4 Flashes
D46:  0.0670 ROUND  --       0 Draws,      27 Flashes
D47:  0.0670 SQUARE --       0 Draws,       3 Flashes
D48:  0.0512 SQUARE --       0 Draws,       4 Flashes
D49:  0.0512 x 0.0787 RECTANGLE -----       2 Flashes
D50:  0.0350 ROUND  --       0 Draws,       2 Flashes
D51:  0.0350 ROUND  --       0 Draws,      57 Flashes
---------------------------------------------------------
 18 D-Codes      -----       0 Draws,     147 Flashes

*********************************************************

Output file: C:\USERS\RAFEL\DOCUMENTS\PROJECTES\SOC\T3\DISENO\HARDWARE\VERSION1_0\LAYOUT\CAMERABOARD\CAMERABOARD.SMB

Aperture totals for C:\USERS\RAFEL\DOCUMENTS\PROJECTES\SOC\T3\DISENO\HARDWARE\VERSION1_0\LAYOUT\CAMERABOARD\CAMERABOARD.SMB:
---------------------------------------------------------
D14:  0.0320 x 0.0380 RECTANGLE -----       6 Flashes
D15:  0.0380 x 0.0320 RECTANGLE -----      26 Flashes
D19:  0.0787 x 0.0472 OBLONG    -----       4 Flashes
D39:  0.0138 x 0.0630 RECTANGLE -----      14 Flashes
D40:  0.0197 x 0.0787 RECTANGLE -----       1 Flashes
D41:  0.0197 x 0.0590 OBLONG    -----       4 Flashes
D42:  0.0590 x 0.0197 OBLONG    -----       4 Flashes
D43:  0.0590 x 0.0197 RECTANGLE -----      20 Flashes
D44:  0.0197 x 0.0590 RECTANGLE -----      19 Flashes
D45:  0.1050 ROUND  --       0 Draws,       4 Flashes
D46:  0.0670 ROUND  --       0 Draws,      27 Flashes
D47:  0.0670 SQUARE --       0 Draws,       3 Flashes
D50:  0.0350 ROUND  --       0 Draws,       2 Flashes
D51:  0.0350 ROUND  --       0 Draws,      57 Flashes
D52:  0.0630 ROUND  --       0 Draws,       2 Flashes
---------------------------------------------------------
 15 D-Codes      -----       0 Draws,     193 Flashes

*********************************************************

Output file: C:\USERS\RAFEL\DOCUMENTS\PROJECTES\SOC\T3\DISENO\HARDWARE\VERSION1_0\LAYOUT\CAMERABOARD\CAMERABOARD.SST

Aperture totals for C:\USERS\RAFEL\DOCUMENTS\PROJECTES\SOC\T3\DISENO\HARDWARE\VERSION1_0\LAYOUT\CAMERABOARD\CAMERABOARD.SST:
---------------------------------------------------------
D11:  0.1378 ROUND  --       0 Draws,       2 Flashes
D31:  0.0100 ROUND  --       6 Draws,       0 Flashes
D35:  0.0059 ROUND  --     169 Draws,       0 Flashes
D36:  0.0079 ROUND  --      15 Draws,       0 Flashes
D53:  0.0060 ROUND  --     226 Draws,       0 Flashes
D54:  0.0039 ROUND  --      89 Draws,       0 Flashes
D55:  0.0197 ROUND  --       4 Draws,       0 Flashes
D56:  0.0118 ROUND  --       4 Draws,       0 Flashes
---------------------------------------------------------
  8 D-Codes      -----     513 Draws,       2 Flashes

*********************************************************

Output file: C:\USERS\RAFEL\DOCUMENTS\PROJECTES\SOC\T3\DISENO\HARDWARE\VERSION1_0\LAYOUT\CAMERABOARD\CAMERABOARD.SSB

Aperture totals for C:\USERS\RAFEL\DOCUMENTS\PROJECTES\SOC\T3\DISENO\HARDWARE\VERSION1_0\LAYOUT\CAMERABOARD\CAMERABOARD.SSB:
---------------------------------------------------------
D31:  0.0100 ROUND  --       4 Draws,       0 Flashes
D35:  0.0059 ROUND  --     192 Draws,       0 Flashes
D38:  0.0551 ROUND  --       0 Draws,       2 Flashes
D53:  0.0060 ROUND  --     348 Draws,       0 Flashes
D56:  0.0118 ROUND  --       5 Draws,       0 Flashes
D57:  0.0010 ROUND  --      12 Draws,       0 Flashes
---------------------------------------------------------
  6 D-Codes      -----     561 Draws,       2 Flashes

*********************************************************

Output file: C:\USERS\RAFEL\DOCUMENTS\PROJECTES\SOC\T3\DISENO\HARDWARE\VERSION1_0\LAYOUT\CAMERABOARD\CAMERABOARD.DRD

Aperture totals for C:\USERS\RAFEL\DOCUMENTS\PROJECTES\SOC\T3\DISENO\HARDWARE\VERSION1_0\LAYOUT\CAMERABOARD\CAMERABOARD.DRD:
---------------------------------------------------------
D31:  0.0100 ROUND  --     779 Draws,       0 Flashes
D53:  0.0060 ROUND  --       4 Draws,       0 Flashes
---------------------------------------------------------
  2 D-Codes      -----     783 Draws,       0 Flashes


*********************************************************

Aperture totals for entire project:
---------------------------------------------------------
D10:  0.1100 ROUND  --       0 Draws,       4 Flashes
D11:  0.1378 ROUND  --       0 Draws,       6 Flashes
D12:  0.0748 x 0.0315 RECTANGLE -----       4 Flashes
D13:  0.0866 x 0.0315 RECTANGLE -----       4 Flashes
D14:  0.0320 x 0.0380 RECTANGLE -----      36 Flashes
D15:  0.0380 x 0.0320 RECTANGLE -----      60 Flashes
D16:  0.0480 x 0.0760 RECTANGLE -----       4 Flashes
D17:  0.0620 ROUND  --       0 Draws,      54 Flashes
D18:  0.0620 SQUARE --       0 Draws,       6 Flashes
D19:  0.0787 x 0.0472 OBLONG    -----      16 Flashes
D20:  0.0504 SQUARE --       0 Draws,       4 Flashes
D21:  0.0504 x 0.0779 RECTANGLE -----       2 Flashes
D22:  0.0220 SQUARE --       0 Draws,      16 Flashes
D23:  0.1181 x 0.0866 RECTANGLE -----       2 Flashes
D24:  0.0394 x 0.0866 RECTANGLE -----       6 Flashes
D25:  0.0118 x 0.0630 RECTANGLE -----      16 Flashes
D26:  0.0300 ROUND  --       0 Draws,       4 Flashes
D27:  0.0020 ROUND  --   12154 Draws,       0 Flashes
D28:  0.0004 ROUND  --    4891 Draws,       0 Flashes
D29:  0.0000 ROUND  --    3155 Draws,       0 Flashes
D30:  0.0300 ROUND  --       0 Draws,       4 Flashes
D31:  0.0100 ROUND  --    1179 Draws,       0 Flashes
D32:  0.0300 ROUND  --       0 Draws,     110 Flashes
D33:  0.0138 ROUND  --     407 Draws,       0 Flashes
D34:  0.0098 ROUND  --      45 Draws,       0 Flashes
D35:  0.0059 ROUND  --     362 Draws,       0 Flashes
D36:  0.0079 ROUND  --      18 Draws,       0 Flashes
D37:  0.1000 ROUND  --       0 Draws,       4 Flashes
D38:  0.0551 ROUND  --       0 Draws,       4 Flashes
D39:  0.0138 x 0.0630 RECTANGLE -----      28 Flashes
D40:  0.0197 x 0.0787 RECTANGLE -----       2 Flashes
D41:  0.0197 x 0.0590 OBLONG    -----       8 Flashes
D42:  0.0590 x 0.0197 OBLONG    -----       8 Flashes
D43:  0.0590 x 0.0197 RECTANGLE -----      40 Flashes
D44:  0.0197 x 0.0590 RECTANGLE -----      38 Flashes
D45:  0.1050 ROUND  --       0 Draws,       8 Flashes
D46:  0.0670 ROUND  --       0 Draws,      54 Flashes
D47:  0.0670 SQUARE --       0 Draws,       6 Flashes
D48:  0.0512 SQUARE --       0 Draws,       4 Flashes
D49:  0.0512 x 0.0787 RECTANGLE -----       2 Flashes
D50:  0.0350 ROUND  --       0 Draws,       4 Flashes
D51:  0.0350 ROUND  --       0 Draws,     114 Flashes
D52:  0.0630 ROUND  --       0 Draws,       2 Flashes
D53:  0.0060 ROUND  --     578 Draws,       0 Flashes
D54:  0.0039 ROUND  --      89 Draws,       0 Flashes
D55:  0.0197 ROUND  --       4 Draws,       0 Flashes
D56:  0.0118 ROUND  --       9 Draws,       0 Flashes
D57:  0.0010 ROUND  --      12 Draws,       0 Flashes
---------------------------------------------------------
 48 D-Codes      -----   22903 Draws,     684 Flashes


No warnings or errors.
