Tue Mar 27 16:16:36 Saved as file C:\USERS\RAFEL\DOCUMENTS\PROJECTES\SOC\T3\DISENO\HARDWARE\VERSION1_0\LAYOUT\CAMERABOARD\CAMERABOARD.MAX
Tue Mar 27 16:19:07 Saved as file BACKUP1.MAX
Tue Mar 27 16:19:27 Saved as file C:\USERS\RAFEL\DOCUMENTS\PROJECTES\SOC\T3\DISENO\HARDWARE\VERSION1_0\LAYOUT\CAMERABOARD\CAMERABOARD.MAX
Tue Mar 27 16:21:57 Saved as file C:\USERS\RAFEL\DOCUMENTS\PROJECTES\SOC\T3\DISENO\HARDWARE\VERSION1_0\LAYOUT\CAMERABOARD\CAMERABOARD.MAX
Tue Mar 27 16:28:55 Saved as file C:\USERS\RAFEL\DOCUMENTS\PROJECTES\SOC\T3\DISENO\HARDWARE\VERSION1_0\LAYOUT\CAMERABOARD\CAMERABOARD.MAX
Tue Mar 27 16:29:08 Saved as file BACKUP1.MAX
Tue Mar 27 16:39:08 Saved as file BACKUP1.MAX
Tue Mar 27 16:39:30 Saved as file C:\USERS\RAFEL\DOCUMENTS\PROJECTES\SOC\T3\DISENO\HARDWARE\VERSION1_0\LAYOUT\CAMERABOARD\CAMERABOARD.MAX
Tue Mar 27 16:41:21 Saved as file C:\USERS\RAFEL\DOCUMENTS\PROJECTES\SOC\T3\DISENO\HARDWARE\VERSION1_0\LAYOUT\CAMERABOARD\CAMERABOARD.MAX
Wed Mar 28 08:43:16 Saved as file BACKUP1.MAX
Wed Mar 28 08:52:50 Saved as file C:\USERS\RAFEL\DOCUMENTS\PROJECTES\SOC\T3\DISENO\HARDWARE\VERSION1_0\LAYOUT\CAMERABOARD\CAMERABOARD.MAX
Wed Mar 28 08:53:47 Saved as file BACKUP1.MAX
Wed Mar 28 08:57:41 Saved as file C:\USERS\RAFEL\DOCUMENTS\PROJECTES\SOC\T3\DISENO\HARDWARE\VERSION1_0\LAYOUT\CAMERABOARD\CAMERABOARD.MAX
Wed Mar 28 08:57:44 Saved as file C:\USERS\RAFEL\DOCUMENTS\PROJECTES\SOC\T3\DISENO\HARDWARE\VERSION1_0\LAYOUT\CAMERABOARD\CAMERABOARD.MAX
Wed Mar 28 09:04:47 Saved as file BACKUP1.MAX
Wed Mar 28 09:08:34 Error code 5255.048 (1884)
Wed Mar 28 09:08:34 Saved as file Backup0.max
Wed Mar 28 09:08:34 Windows which were open at time of error:
Wed Mar 28 09:08:34 	ActiveWindow: &Design
Wed Mar 28 09:08:34 	Icon: &Components
Wed Mar 28 09:08:34 	Icon: Post Proces&s
Wed Mar 28 09:08:34 	Icon: &Nets
Wed Mar 28 09:08:34 End-of-list
Wed Mar 28 09:08:34 Loaded file BACKUP0.MAX
Wed Mar 28 09:19:05 Saved as file BACKUP1.MAX
Wed Mar 28 09:29:35 Saved as file BACKUP1.MAX
Wed Mar 28 09:39:35 Saved as file BACKUP1.MAX
Wed Mar 28 09:49:36 Saved as file BACKUP1.MAX
Wed Mar 28 09:59:36 Saved as file BACKUP1.MAX
Wed Mar 28 10:09:36 Saved as file BACKUP1.MAX
Wed Mar 28 10:19:36 Saved as file BACKUP1.MAX
Wed Mar 28 10:29:37 Saved as file BACKUP1.MAX
Wed Mar 28 10:34:51 Loaded file C:\ORCAD\ORCAD_10.5\TOOLS\LAYOUT\data\template.imp
Wed Mar 28 10:34:51 Loaded file C:\ORCAD\ORCAD_10.5\TOOLS\LAYOUT\data\template.imp
Wed Mar 28 10:34:52 Loaded file C:\USERS\RAFEL\DOCUMENTS\ORCABLIB\LLIBRERIES\LAYOUT\LLIBRERIAMARC_3.LLB
Wed Mar 28 10:34:57 Loaded file C:\ORCAD\ORCAD_10.5\TOOLS\LAYOUT\data\template.imp
Wed Mar 28 10:37:02 Loaded file C:\ORCAD\ORCAD_10.5\TOOLS\LAYOUT\data\template.imp
Wed Mar 28 11:08:08 Saved as file BACKUP1.MAX
Wed Mar 28 11:09:55 Saved as file C:\USERS\RAFEL\DOCUMENTS\PROJECTES\SOC\T3\DISENO\HARDWARE\VERSION1_0\LAYOUT\CAMERABOARD\CAMERABOARD.MAX
Wed Mar 28 11:18:08 Saved as file BACKUP1.MAX
Wed Mar 28 11:28:08 Saved as file BACKUP1.MAX
Wed Mar 28 11:38:09 Saved as file BACKUP1.MAX
Wed Mar 28 11:48:09 Saved as file BACKUP1.MAX
Wed Mar 28 11:49:50 Saved as file C:\USERS\RAFEL\DOCUMENTS\PROJECTES\SOC\T3\DISENO\HARDWARE\VERSION1_0\LAYOUT\CAMERABOARD\CAMERABOARD.MAX
Wed Mar 28 11:58:09 Saved as file BACKUP1.MAX
Wed Mar 28 12:08:10 Saved as file BACKUP1.MAX
Wed Mar 28 12:18:10 Saved as file BACKUP1.MAX
Wed Mar 28 12:28:10 Saved as file BACKUP1.MAX
Wed Mar 28 12:38:11 Saved as file BACKUP1.MAX
Wed Mar 28 12:41:49 Loaded file C:\ORCAD\ORCAD_10.5\TOOLS\LAYOUT\data\template.imp
Wed Mar 28 12:41:49 Loaded file C:\ORCAD\ORCAD_10.5\TOOLS\LAYOUT\data\template.imp
Wed Mar 28 12:41:51 Loaded file C:\USERS\RAFEL\DOCUMENTS\ORCABLIB\LLIBRERIES\LAYOUT\LLIBRERIAMARC_3.LLB
Wed Mar 28 12:42:27 Loaded file C:\ORCAD\ORCAD_10.5\TOOLS\LAYOUT\data\template.imp
Wed Mar 28 12:49:12 Loaded file C:\ORCAD\ORCAD_10.5\TOOLS\LAYOUT\library\padstack.llb
Wed Mar 28 12:49:24 Loaded file C:\ORCAD\ORCAD_10.5\TOOLS\LAYOUT\library\padstack.llb
Wed Mar 28 12:49:34 Loaded file C:\ORCAD\ORCAD_10.5\TOOLS\LAYOUT\library\padstack.llb
Wed Mar 28 12:49:59 Loaded file C:\ORCAD\ORCAD_10.5\TOOLS\LAYOUT\library\padstack.llb
Wed Mar 28 12:51:38 Loaded file C:\ORCAD\ORCAD_10.5\TOOLS\LAYOUT\library\padstack.llb
Wed Mar 28 12:52:18 Loaded file C:\ORCAD\ORCAD_10.5\TOOLS\LAYOUT\library\padstack.llb
Wed Mar 28 12:52:23 Loaded file C:\ORCAD\ORCAD_10.5\TOOLS\LAYOUT\library\padstack.llb
Wed Mar 28 12:52:32 Loaded file C:\ORCAD\ORCAD_10.5\TOOLS\LAYOUT\library\padstack.llb
Wed Mar 28 12:52:45 Loaded file C:\ORCAD\ORCAD_10.5\TOOLS\LAYOUT\library\padstack.llb
Wed Mar 28 12:52:50 Loaded file C:\ORCAD\ORCAD_10.5\TOOLS\LAYOUT\library\padstack.llb
Wed Mar 28 12:54:16 Loaded file C:\ORCAD\ORCAD_10.5\TOOLS\LAYOUT\library\padstack.llb
Wed Mar 28 12:55:10 Loaded file C:\ORCAD\ORCAD_10.5\TOOLS\LAYOUT\library\padstack.llb
Wed Mar 28 12:55:16 Loaded file C:\ORCAD\ORCAD_10.5\TOOLS\LAYOUT\library\padstack.llb
Wed Mar 28 12:55:20 Loaded file C:\ORCAD\ORCAD_10.5\TOOLS\LAYOUT\library\padstack.llb
Wed Mar 28 12:55:46 Loaded file C:\ORCAD\ORCAD_10.5\TOOLS\LAYOUT\library\padstack.llb
Wed Mar 28 12:57:32 Loaded file C:\ORCAD\ORCAD_10.5\TOOLS\LAYOUT\library\padstack.llb
Wed Mar 28 12:58:53 Loaded file C:\ORCAD\ORCAD_10.5\TOOLS\LAYOUT\library\padstack.llb
Wed Mar 28 13:00:16 Loaded file C:\ORCAD\ORCAD_10.5\TOOLS\LAYOUT\library\padstack.llb
Wed Mar 28 13:00:19 Loaded file C:\ORCAD\ORCAD_10.5\TOOLS\LAYOUT\library\padstack.llb
Wed Mar 28 13:01:11 Loaded file C:\ORCAD\ORCAD_10.5\TOOLS\LAYOUT\library\padstack.llb
Wed Mar 28 13:04:06 Loaded file C:\USERS\RAFEL\DOCUMENTS\ORCABLIB\LLIBRERIES\LAYOUT\LLIBRERIAMARC_3.LLB
Wed Mar 28 13:04:06 Saved as file C:\USERS\RAFEL\DOCUMENTS\ORCABLIB\LLIBRERIES\LAYOUT\LLIBRERIAMARC_3.LLB
Wed Mar 28 13:04:06 Loaded file C:\USERS\RAFEL\DOCUMENTS\ORCABLIB\LLIBRERIES\LAYOUT\LLIBRERIAMARC_3.LLB
Wed Mar 28 13:05:06 Loaded file C:\ORCAD\ORCAD_10.5\TOOLS\LAYOUT\library\padstack.llb
Wed Mar 28 13:05:15 Loaded file C:\ORCAD\ORCAD_10.5\TOOLS\LAYOUT\library\padstack.llb
Wed Mar 28 13:05:22 Loaded file C:\ORCAD\ORCAD_10.5\TOOLS\LAYOUT\library\padstack.llb
Wed Mar 28 13:05:28 Loaded file C:\ORCAD\ORCAD_10.5\TOOLS\LAYOUT\library\padstack.llb
Wed Mar 28 13:05:39 Loaded file C:\USERS\RAFEL\DOCUMENTS\ORCABLIB\LLIBRERIES\LAYOUT\LLIBRERIAMARC_3.LLB
Wed Mar 28 13:05:40 Saved as file C:\USERS\RAFEL\DOCUMENTS\ORCABLIB\LLIBRERIES\LAYOUT\LLIBRERIAMARC_3.LLB
Wed Mar 28 13:06:34 Loaded file C:\USERS\RAFEL\DOCUMENTS\ORCABLIB\LLIBRERIES\LAYOUT\LLIBRERIAMARC_3.LLB
Wed Mar 28 13:06:35 Saved as file C:\USERS\RAFEL\DOCUMENTS\ORCABLIB\LLIBRERIES\LAYOUT\LLIBRERIAMARC_3.LLB
Wed Mar 28 13:11:41 Saved as file BACKUP1.MAX
Wed Mar 28 13:21:42 Saved as file BACKUP1.MAX
Wed Mar 28 13:31:42 Saved as file BACKUP1.MAX
Wed Mar 28 13:41:42 Saved as file BACKUP1.MAX
Wed Mar 28 13:51:43 Saved as file BACKUP1.MAX
Wed Mar 28 14:01:43 Saved as file BACKUP1.MAX
Wed Mar 28 14:11:43 Saved as file BACKUP1.MAX
Wed Mar 28 14:21:44 Saved as file BACKUP1.MAX
Wed Mar 28 14:29:48 Loaded file C:\ORCAD\ORCAD_10.5\TOOLS\LAYOUT\data\template.imp
Wed Mar 28 14:29:48 Loaded file C:\ORCAD\ORCAD_10.5\TOOLS\LAYOUT\data\template.imp
Wed Mar 28 14:29:52 Loaded file C:\OrCAD\OrCAD_10.5\tools\Layout\library\SIP.llb
Wed Mar 28 14:30:00 Loaded file C:\OrCAD\OrCAD_10.5\tools\Layout\library\SM.llb
Wed Mar 28 14:30:06 Loaded file C:\ORCAD\ORCAD_10.5\TOOLS\LAYOUT\data\template.imp
Wed Mar 28 14:30:21 Loaded file C:\ORCAD\ORCAD_10.5\TOOLS\LAYOUT\data\template.imp
Wed Mar 28 14:30:22 Loaded file C:\ORCAD\ORCAD_10.5\TOOLS\LAYOUT\data\template.imp
Wed Mar 28 14:36:43 Loaded file C:\USERS\RAFEL\DOCUMENTS\ORCABLIB\LLIBRERIES\LAYOUT\LLIBRERIAMARC_3.LLB
Wed Mar 28 14:36:44 Loaded file C:\ORCAD\ORCAD_10.5\TOOLS\LAYOUT\data\template.imp
Wed Mar 28 15:01:57 Loaded file C:\OrCAD\OrCAD_10.5\tools\Layout\library\CLCC.llb
Wed Mar 28 15:02:02 Loaded file C:\ORCAD\ORCAD_10.5\TOOLS\LAYOUT\data\template.imp
Wed Mar 28 15:02:07 Loaded file C:\ORCAD\ORCAD_10.5\TOOLS\LAYOUT\data\template.imp
Wed Mar 28 15:02:09 Loaded file C:\ORCAD\ORCAD_10.5\TOOLS\LAYOUT\data\template.imp
Wed Mar 28 15:02:09 Loaded file C:\ORCAD\ORCAD_10.5\TOOLS\LAYOUT\data\template.imp
Wed Mar 28 15:02:09 Loaded file C:\ORCAD\ORCAD_10.5\TOOLS\LAYOUT\data\template.imp
Wed Mar 28 15:02:10 Loaded file C:\ORCAD\ORCAD_10.5\TOOLS\LAYOUT\data\template.imp
Wed Mar 28 15:02:21 Loaded file C:\OrCAD\OrCAD_10.5\tools\Layout\library\SM.llb
Wed Mar 28 15:02:32 Loaded file C:\ORCAD\ORCAD_10.5\TOOLS\LAYOUT\data\template.imp
Wed Mar 28 15:04:12 Loaded file C:\ORCAD\ORCAD_10.5\TOOLS\LAYOUT\LIBRARY\LLIBRERIAMARC.LLB
Wed Mar 28 15:04:26 Loaded file C:\ORCAD\ORCAD_10.5\TOOLS\LAYOUT\data\template.imp
Wed Mar 28 15:06:29 Loaded file C:\ORCAD\ORCAD_10.5\TOOLS\LAYOUT\library\padstack.llb
Wed Mar 28 15:06:42 Loaded file C:\ORCAD\ORCAD_10.5\TOOLS\LAYOUT\library\padstack.llb
Wed Mar 28 15:07:02 Loaded file C:\ORCAD\ORCAD_10.5\TOOLS\LAYOUT\library\padstack.llb
Wed Mar 28 15:11:07 Error code 5225.670 (21)
Wed Mar 28 15:11:07 Saved as file Backup0.max
Wed Mar 28 15:11:07 Windows which were open at time of error:
Wed Mar 28 15:11:07 	ActiveWindow: Library Manager
Wed Mar 28 15:11:07 	Ui: &Design
Wed Mar 28 15:11:07 End-of-list
Wed Mar 28 15:11:07 Loaded file BACKUP0.MAX
Wed Mar 28 15:11:19 Loaded file C:\ORCAD\ORCAD_10.5\TOOLS\LAYOUT\data\template.imp
Wed Mar 28 15:11:19 Loaded file C:\ORCAD\ORCAD_10.5\TOOLS\LAYOUT\data\template.imp
Wed Mar 28 15:11:20 Loaded file C:\USERS\RAFEL\DOCUMENTS\ORCABLIB\LLIBRERIES\LAYOUT\LLIBRERIAMARC_3.LLB
Wed Mar 28 15:11:49 Loaded file C:\ORCAD\ORCAD_10.5\TOOLS\LAYOUT\data\template.imp
Wed Mar 28 15:13:42 Loaded file C:\ORCAD\ORCAD_10.5\TOOLS\LAYOUT\library\padstack.llb
Wed Mar 28 15:13:45 Loaded file C:\ORCAD\ORCAD_10.5\TOOLS\LAYOUT\library\padstack.llb
Wed Mar 28 15:15:53 Loaded file C:\USERS\RAFEL\DOCUMENTS\ORCABLIB\LLIBRERIES\LAYOUT\LLIBRERIAMARC_3.LLB
Wed Mar 28 15:15:53 Saved as file C:\USERS\RAFEL\DOCUMENTS\ORCABLIB\LLIBRERIES\LAYOUT\LLIBRERIAMARC_3.LLB
Wed Mar 28 15:17:32 Loaded file C:\ORCAD\ORCAD_10.5\TOOLS\LAYOUT\library\padstack.llb
Wed Mar 28 15:17:40 Loaded file C:\ORCAD\ORCAD_10.5\TOOLS\LAYOUT\library\padstack.llb
Wed Mar 28 15:17:45 Loaded file C:\ORCAD\ORCAD_10.5\TOOLS\LAYOUT\library\padstack.llb
Wed Mar 28 15:17:47 Loaded file C:\ORCAD\ORCAD_10.5\TOOLS\LAYOUT\library\padstack.llb
Wed Mar 28 15:17:59 Loaded file C:\ORCAD\ORCAD_10.5\TOOLS\LAYOUT\library\padstack.llb
Wed Mar 28 15:18:08 Loaded file C:\ORCAD\ORCAD_10.5\TOOLS\LAYOUT\library\padstack.llb
Wed Mar 28 15:18:12 Loaded file C:\ORCAD\ORCAD_10.5\TOOLS\LAYOUT\library\padstack.llb
Wed Mar 28 15:18:15 Loaded file C:\ORCAD\ORCAD_10.5\TOOLS\LAYOUT\library\padstack.llb
Wed Mar 28 15:18:59 Loaded file C:\USERS\RAFEL\DOCUMENTS\ORCABLIB\LLIBRERIES\LAYOUT\LLIBRERIAMARC_3.LLB
Wed Mar 28 15:18:59 Saved as file C:\USERS\RAFEL\DOCUMENTS\ORCABLIB\LLIBRERIES\LAYOUT\LLIBRERIAMARC_3.LLB
Wed Mar 28 15:18:59 Loaded file C:\USERS\RAFEL\DOCUMENTS\ORCABLIB\LLIBRERIES\LAYOUT\LLIBRERIAMARC_3.LLB
Wed Mar 28 15:20:46 Loaded file C:\ORCAD\ORCAD_10.5\TOOLS\LAYOUT\data\template.imp
Wed Mar 28 15:20:58 Loaded file C:\USERS\RAFEL\DOCUMENTS\ORCABLIB\LLIBRERIES\LAYOUT\LLIBRERIAMARC_3.LLB
Wed Mar 28 15:20:58 Saved as file C:\USERS\RAFEL\DOCUMENTS\ORCABLIB\LLIBRERIES\LAYOUT\LLIBRERIAMARC_3.LLB
Wed Mar 28 15:20:58 Loaded file C:\USERS\RAFEL\DOCUMENTS\ORCABLIB\LLIBRERIES\LAYOUT\LLIBRERIAMARC_3.LLB
Wed Mar 28 15:21:00 Loaded file C:\ORCAD\ORCAD_10.5\TOOLS\LAYOUT\data\template.imp
Wed Mar 28 15:21:03 Loaded file C:\USERS\RAFEL\DOCUMENTS\ORCABLIB\LLIBRERIES\LAYOUT\LLIBRERIAMARC_3.LLB
Wed Mar 28 15:21:03 Saved as file C:\USERS\RAFEL\DOCUMENTS\ORCABLIB\LLIBRERIES\LAYOUT\LLIBRERIAMARC_3.LLB
Wed Mar 28 15:21:03 Loaded file C:\ORCAD\ORCAD_10.5\TOOLS\LAYOUT\data\template.imp
Wed Mar 28 15:21:05 Loaded file C:\ORCAD\ORCAD_10.5\TOOLS\LAYOUT\data\template.imp
Wed Mar 28 15:21:20 Loaded file C:\USERS\RAFEL\DOCUMENTS\ORCABLIB\LLIBRERIES\LAYOUT\LLIBRERIAMARC_3.LLB
Wed Mar 28 15:21:20 Saved as file C:\USERS\RAFEL\DOCUMENTS\ORCABLIB\LLIBRERIES\LAYOUT\LLIBRERIAMARC_3.LLB
Wed Mar 28 15:24:22 Loaded file C:\ORCAD\ORCAD_10.5\TOOLS\LAYOUT\data\template.imp
Wed Mar 28 15:24:35 Loaded file C:\OrCAD\OrCAD_10.5\tools\Layout\library\SM.llb
Wed Mar 28 15:24:42 Loaded file C:\ORCAD\ORCAD_10.5\TOOLS\LAYOUT\data\template.imp
Thu Mar 29 09:26:22 Loaded file C:\OrCAD\OrCAD_10.5\tools\Layout\data\template.imp
Thu Mar 29 09:26:22 Loaded file C:\OrCAD\OrCAD_10.5\tools\Layout\data\template.imp
Thu Mar 29 09:26:33 Footprint coords will be rounded to nearest base unit.
Thu Mar 29 09:26:33 Footprint coords will be rounded to nearest base unit.
Thu Mar 29 09:26:33 Footprint coords will be rounded to nearest base unit.
Thu Mar 29 09:26:33 Footprint coords will be rounded to nearest base unit.
Thu Mar 29 09:26:33 Footprint coords will be rounded to nearest base unit.
Thu Mar 29 09:26:33 Footprint coords will be rounded to nearest base unit.
Thu Mar 29 09:26:33 Footprint coords will be rounded to nearest base unit.
Thu Mar 29 09:26:33 Footprint coords will be rounded to nearest base unit.
Thu Mar 29 09:26:33 Footprint coords will be rounded to nearest base unit.
Thu Mar 29 09:26:33 Footprint coords will be rounded to nearest base unit.
Thu Mar 29 09:26:33 Footprint coords will be rounded to nearest base unit.
Thu Mar 29 09:26:33 Footprint coords will be rounded to nearest base unit.
Thu Mar 29 09:26:33 Footprint coords will be rounded to nearest base unit.
Thu Mar 29 09:26:33 Footprint coords will be rounded to nearest base unit.
Thu Mar 29 09:26:33 Loaded file C:\OrCAD\OrCAD_10.5\tools\Layout\data\template.imp
Thu Mar 29 09:26:36 Saved as file ~undo.max
Thu Mar 29 09:26:47 Loaded file C:\OrCAD\OrCAD_10.5\tools\Layout\data\template.imp
Thu Mar 29 09:26:47 Loaded file C:\OrCAD\OrCAD_10.5\tools\Layout\data\template.imp
Thu Mar 29 09:26:50 Footprint coords will be rounded to nearest base unit.
Thu Mar 29 09:26:50 Footprint coords will be rounded to nearest base unit.
Thu Mar 29 09:26:50 Footprint coords will be rounded to nearest base unit.
Thu Mar 29 09:26:50 Footprint coords will be rounded to nearest base unit.
Thu Mar 29 09:26:50 Footprint coords will be rounded to nearest base unit.
Thu Mar 29 09:26:50 Footprint coords will be rounded to nearest base unit.
Thu Mar 29 09:26:50 Footprint coords will be rounded to nearest base unit.
Thu Mar 29 09:26:50 Footprint coords will be rounded to nearest base unit.
Thu Mar 29 09:26:50 Footprint coords will be rounded to nearest base unit.
Thu Mar 29 09:26:50 Footprint coords will be rounded to nearest base unit.
Thu Mar 29 09:26:50 Footprint coords will be rounded to nearest base unit.
Thu Mar 29 09:26:50 Footprint coords will be rounded to nearest base unit.
Thu Mar 29 09:26:50 Footprint coords will be rounded to nearest base unit.
Thu Mar 29 09:26:50 Footprint coords will be rounded to nearest base unit.
Thu Mar 29 09:26:50 Loaded file C:\OrCAD\OrCAD_10.5\tools\Layout\data\template.imp
Thu Mar 29 09:26:54 Saved as file ~undo.max
Thu Mar 29 09:27:05 Saved as file ~undo.max
Thu Mar 29 09:28:30 Saved as file ~undo.max
Thu Mar 29 09:28:36 Saved as file ~undo.max
Thu Mar 29 09:30:17 Loaded file C:\OrCAD\OrCAD_10.5\tools\Layout\data\template.imp
Thu Mar 29 09:30:17 Loaded file C:\OrCAD\OrCAD_10.5\tools\Layout\data\template.imp
Thu Mar 29 09:30:18 Loaded file C:\USERS\RAFEL\DOCUMENTS\ORCABLIB\LLIBRERIES\LAYOUT\LLIBRERIAMARC_3.LLB
Thu Mar 29 09:30:20 Loaded file C:\OrCAD\OrCAD_10.5\tools\Layout\data\template.imp
Thu Mar 29 09:30:23 Loaded file C:\OrCAD\OrCAD_10.5\tools\Layout\data\template.imp
Thu Mar 29 09:30:24 Loaded file C:\OrCAD\OrCAD_10.5\tools\Layout\data\template.imp
Thu Mar 29 09:30:56 Loaded file C:\OrCAD\OrCAD_10.5\tools\Layout\library\padstack.llb
Thu Mar 29 09:31:01 Loaded file C:\OrCAD\OrCAD_10.5\tools\Layout\library\padstack.llb
Thu Mar 29 09:31:12 Loaded file C:\OrCAD\OrCAD_10.5\tools\Layout\library\padstack.llb
Thu Mar 29 09:31:22 Loaded file C:\OrCAD\OrCAD_10.5\tools\Layout\library\padstack.llb
Thu Mar 29 09:31:33 Loaded file C:\OrCAD\OrCAD_10.5\tools\Layout\library\padstack.llb
Thu Mar 29 09:31:38 Loaded file C:\OrCAD\OrCAD_10.5\tools\Layout\library\padstack.llb
Thu Mar 29 09:31:46 Loaded file C:\OrCAD\OrCAD_10.5\tools\Layout\library\padstack.llb
Thu Mar 29 09:31:52 Loaded file C:\OrCAD\OrCAD_10.5\tools\Layout\library\padstack.llb
Thu Mar 29 09:33:33 Loaded file C:\USERS\RAFEL\DOCUMENTS\ORCABLIB\LLIBRERIES\LAYOUT\LLIBRERIAMARC_3.LLB
Thu Mar 29 09:33:33 Saved as file C:\USERS\RAFEL\DOCUMENTS\ORCABLIB\LLIBRERIES\LAYOUT\LLIBRERIAMARC_3.LLB
Thu Mar 29 09:33:36 Loaded file C:\USERS\RAFEL\DOCUMENTS\ORCABLIB\LLIBRERIES\LAYOUT\LLIBRERIAMARC_3.LLB
Thu Mar 29 09:33:36 Saved as file C:\USERS\RAFEL\DOCUMENTS\ORCABLIB\LLIBRERIES\LAYOUT\LLIBRERIAMARC_3.LLB
Thu Mar 29 09:33:36 Loaded file C:\USERS\RAFEL\DOCUMENTS\ORCABLIB\LLIBRERIES\LAYOUT\LLIBRERIAMARC_3.LLB
Thu Mar 29 09:33:51 Saved as file ~undo.max
Thu Mar 29 09:33:57 Loaded file C:\OrCAD\OrCAD_10.5\tools\Layout\data\template.imp
Thu Mar 29 09:33:57 Loaded file C:\OrCAD\OrCAD_10.5\tools\Layout\data\template.imp
Thu Mar 29 09:33:59 Loaded file C:\USERS\RAFEL\DOCUMENTS\ORCABLIB\LLIBRERIES\LAYOUT\LLIBRERIAMARC_3.LLB
Thu Mar 29 09:34:03 Loaded file C:\OrCAD\OrCAD_10.5\tools\Layout\data\template.imp
Thu Mar 29 09:34:03 Footprint coords will be rounded to nearest base unit.
Thu Mar 29 09:34:03 Footprint coords will be rounded to nearest base unit.
Thu Mar 29 09:34:03 Footprint coords will be rounded to nearest base unit.
Thu Mar 29 09:34:03 Footprint coords will be rounded to nearest base unit.
Thu Mar 29 09:34:03 Footprint coords will be rounded to nearest base unit.
Thu Mar 29 09:34:03 Footprint coords will be rounded to nearest base unit.
Thu Mar 29 09:34:03 Footprint coords will be rounded to nearest base unit.
Thu Mar 29 09:34:03 Footprint coords will be rounded to nearest base unit.
Thu Mar 29 09:34:03 Footprint coords will be rounded to nearest base unit.
Thu Mar 29 09:34:03 Footprint coords will be rounded to nearest base unit.
Thu Mar 29 09:34:03 Footprint coords will be rounded to nearest base unit.
Thu Mar 29 09:34:03 Footprint coords will be rounded to nearest base unit.
Thu Mar 29 09:34:03 Footprint coords will be rounded to nearest base unit.
Thu Mar 29 09:34:03 Footprint coords will be rounded to nearest base unit.
Thu Mar 29 09:34:06 Saved as file ~undo.max
Thu Mar 29 09:34:17 Saved as file ~undo.max
Mon Apr 02 09:17:17 Saved as file BACKUP1.MAX
Mon Apr 02 09:27:18 Saved as file BACKUP1.MAX
Mon Apr 02 09:37:18 Saved as file BACKUP1.MAX
Mon Apr 02 09:47:18 Saved as file BACKUP1.MAX
Mon Apr 02 09:57:19 Saved as file BACKUP1.MAX
Mon Apr 02 13:18:29 Saved as file BACKUP1.MAX
Mon Apr 02 13:28:29 Saved as file BACKUP1.MAX
Mon Apr 02 13:38:29 Saved as file BACKUP1.MAX
Mon Apr 02 13:48:29 Saved as file BACKUP1.MAX
Mon Apr 02 13:58:30 Saved as file BACKUP1.MAX
Mon Apr 02 14:08:30 Saved as file BACKUP1.MAX
Mon Apr 02 14:18:30 Saved as file BACKUP1.MAX
Mon Apr 02 14:28:31 Saved as file BACKUP1.MAX
Mon Apr 02 14:38:31 Saved as file BACKUP1.MAX
Mon Apr 02 14:48:31 Saved as file BACKUP1.MAX
Mon Apr 02 14:58:31 Saved as file BACKUP1.MAX
Mon Apr 02 15:08:32 Saved as file BACKUP1.MAX
Mon Apr 02 15:18:32 Saved as file BACKUP1.MAX
Mon Apr 02 15:28:32 Saved as file BACKUP1.MAX
Mon Apr 02 15:38:33 Saved as file BACKUP1.MAX
Mon Apr 02 15:48:33 Saved as file BACKUP1.MAX
Mon Apr 02 15:58:33 Saved as file BACKUP1.MAX
Mon Apr 02 16:08:33 Saved as file BACKUP1.MAX
Mon Apr 02 16:18:34 Saved as file BACKUP1.MAX
Mon Apr 02 16:28:34 Saved as file BACKUP1.MAX
Mon Apr 02 16:38:34 Saved as file BACKUP1.MAX
Mon Apr 02 16:48:35 Saved as file BACKUP1.MAX
Mon Apr 02 16:58:35 Saved as file BACKUP1.MAX
Mon Apr 02 17:08:35 Saved as file BACKUP1.MAX
Tue Apr 03 09:11:08 Saved as file BACKUP1.MAX
Tue Apr 03 09:21:08 Saved as file BACKUP1.MAX
Tue Apr 03 09:31:09 Saved as file BACKUP1.MAX
Tue Apr 03 09:41:09 Saved as file BACKUP1.MAX
Tue Apr 03 09:51:09 Saved as file BACKUP1.MAX
Tue Apr 03 10:01:09 Saved as file BACKUP1.MAX
Tue Apr 03 10:11:10 Saved as file BACKUP1.MAX
Tue Apr 03 10:21:10 Saved as file BACKUP1.MAX
Tue Apr 03 10:31:10 Saved as file BACKUP1.MAX
Tue Apr 03 10:41:11 Saved as file BACKUP1.MAX
Tue Apr 03 10:51:11 Saved as file BACKUP1.MAX
Tue Apr 03 11:01:11 Saved as file BACKUP1.MAX
Tue Apr 03 11:11:11 Saved as file BACKUP1.MAX
Tue Apr 03 11:21:12 Saved as file BACKUP1.MAX
Tue Apr 03 11:31:12 Saved as file BACKUP1.MAX
Tue Apr 03 11:41:12 Saved as file BACKUP1.MAX
Tue Apr 03 11:51:13 Saved as file BACKUP1.MAX
Tue Apr 03 12:01:13 Saved as file BACKUP1.MAX
Tue Apr 03 12:11:13 Saved as file BACKUP1.MAX
Tue Apr 03 12:21:13 Saved as file BACKUP1.MAX
Tue Apr 03 12:31:14 Saved as file BACKUP1.MAX
Tue Apr 03 12:41:14 Saved as file BACKUP1.MAX
Tue Apr 03 12:51:14 Saved as file BACKUP1.MAX
Tue Apr 03 13:01:15 Saved as file BACKUP1.MAX
Tue Apr 03 13:11:15 Saved as file BACKUP1.MAX
Tue Apr 03 13:21:15 Saved as file BACKUP1.MAX
Tue Apr 03 13:31:16 Saved as file BACKUP1.MAX
Tue Apr 03 13:41:16 Saved as file BACKUP1.MAX
Tue Apr 03 13:51:16 Saved as file BACKUP1.MAX
Tue Apr 03 14:01:16 Saved as file BACKUP1.MAX
Tue Apr 03 14:11:17 Saved as file BACKUP1.MAX
Tue Apr 03 14:21:17 Saved as file BACKUP1.MAX
Tue Apr 03 14:31:17 Saved as file BACKUP1.MAX
Tue Apr 03 14:41:18 Saved as file BACKUP1.MAX
Tue Apr 03 14:51:18 Saved as file BACKUP1.MAX
Tue Apr 03 15:01:18 Saved as file BACKUP1.MAX
Tue Apr 03 15:11:18 Saved as file BACKUP1.MAX
Tue Apr 03 15:21:19 Saved as file BACKUP1.MAX
Tue Apr 03 15:31:19 Saved as file BACKUP1.MAX
Tue Apr 03 15:41:19 Saved as file BACKUP1.MAX
Tue Apr 03 15:51:20 Saved as file BACKUP1.MAX
Tue Apr 03 16:01:20 Saved as file BACKUP1.MAX
Tue Apr 03 16:11:20 Saved as file BACKUP1.MAX
Tue Apr 03 16:16:55 Loaded file C:\OrCAD\OrCAD_10.5\tools\Layout\data\template.imp
Tue Apr 03 16:16:55 Loaded file C:\OrCAD\OrCAD_10.5\tools\Layout\data\template.imp
Tue Apr 03 16:16:56 Loaded file C:\USERS\RAFEL\DOCUMENTS\ORCABLIB\LLIBRERIES\LAYOUT\LLIBRERIAMARC_3.LLB
Tue Apr 03 16:16:57 Loaded file C:\OrCAD\OrCAD_10.5\tools\Layout\data\template.imp
Tue Apr 03 16:16:58 Loaded file C:\OrCAD\OrCAD_10.5\tools\Layout\data\template.imp
Tue Apr 03 16:16:59 Loaded file C:\OrCAD\OrCAD_10.5\tools\Layout\data\template.imp
Tue Apr 03 16:39:54 Loaded file C:\OrCAD\OrCAD_10.5\tools\Layout\library\TM_AXIAL.llb
Tue Apr 03 16:39:56 Loaded file C:\OrCAD\OrCAD_10.5\tools\Layout\data\template.imp
Tue Apr 03 16:40:02 Loaded file C:\OrCAD\OrCAD_10.5\tools\Layout\data\template.imp
Tue Apr 03 16:40:03 Loaded file C:\OrCAD\OrCAD_10.5\tools\Layout\data\template.imp
Tue Apr 03 16:40:03 Loaded file C:\OrCAD\OrCAD_10.5\tools\Layout\data\template.imp
Tue Apr 03 16:40:03 Loaded file C:\OrCAD\OrCAD_10.5\tools\Layout\data\template.imp
Tue Apr 03 16:40:04 Loaded file C:\OrCAD\OrCAD_10.5\tools\Layout\data\template.imp
Tue Apr 03 16:40:04 Loaded file C:\OrCAD\OrCAD_10.5\tools\Layout\data\template.imp
Tue Apr 03 16:40:05 Loaded file C:\OrCAD\OrCAD_10.5\tools\Layout\data\template.imp
Tue Apr 03 16:40:05 Loaded file C:\OrCAD\OrCAD_10.5\tools\Layout\data\template.imp
Tue Apr 03 16:40:08 Loaded file C:\OrCAD\OrCAD_10.5\tools\Layout\data\template.imp
Tue Apr 03 16:40:14 Loaded file C:\OrCAD\OrCAD_10.5\tools\Layout\data\template.imp
Tue Apr 03 16:40:18 Loaded file C:\OrCAD\OrCAD_10.5\tools\Layout\data\template.imp
Tue Apr 03 16:40:21 Loaded file C:\OrCAD\OrCAD_10.5\tools\Layout\library\TM_CAP_P.llb
Tue Apr 03 16:40:22 Loaded file C:\OrCAD\OrCAD_10.5\tools\Layout\library\TM_CYLND.llb
Tue Apr 03 16:40:23 Loaded file C:\OrCAD\OrCAD_10.5\tools\Layout\data\template.imp
Tue Apr 03 16:40:28 Loaded file C:\OrCAD\OrCAD_10.5\tools\Layout\data\template.imp
Tue Apr 03 16:40:29 Loaded file C:\OrCAD\OrCAD_10.5\tools\Layout\data\template.imp
Tue Apr 03 16:40:29 Loaded file C:\OrCAD\OrCAD_10.5\tools\Layout\data\template.imp
Tue Apr 03 16:40:30 Loaded file C:\OrCAD\OrCAD_10.5\tools\Layout\data\template.imp
Tue Apr 03 16:40:31 Loaded file C:\OrCAD\OrCAD_10.5\tools\Layout\data\template.imp
Tue Apr 03 16:40:31 Loaded file C:\OrCAD\OrCAD_10.5\tools\Layout\data\template.imp
Tue Apr 03 16:40:32 Loaded file C:\OrCAD\OrCAD_10.5\tools\Layout\data\template.imp
Tue Apr 03 16:40:34 Loaded file C:\OrCAD\OrCAD_10.5\tools\Layout\library\TM_RAD.llb
Tue Apr 03 16:40:35 Loaded file C:\OrCAD\OrCAD_10.5\tools\Layout\data\template.imp
Tue Apr 03 16:40:35 Loaded file C:\OrCAD\OrCAD_10.5\tools\Layout\data\template.imp
Tue Apr 03 16:40:36 Loaded file C:\OrCAD\OrCAD_10.5\tools\Layout\data\template.imp
Tue Apr 03 16:40:36 Loaded file C:\OrCAD\OrCAD_10.5\tools\Layout\data\template.imp
Tue Apr 03 16:40:36 Loaded file C:\OrCAD\OrCAD_10.5\tools\Layout\data\template.imp
Tue Apr 03 16:40:44 Loaded file C:\OrCAD\OrCAD_10.5\tools\Layout\data\template.imp
Tue Apr 03 16:40:45 Loaded file C:\OrCAD\OrCAD_10.5\tools\Layout\data\template.imp
Tue Apr 03 16:40:48 Loaded file C:\OrCAD\OrCAD_10.5\tools\Layout\data\template.imp
Tue Apr 03 16:40:50 Loaded file C:\OrCAD\OrCAD_10.5\tools\Layout\data\template.imp
Tue Apr 03 16:40:51 Loaded file C:\OrCAD\OrCAD_10.5\tools\Layout\data\template.imp
Tue Apr 03 16:40:52 Loaded file C:\OrCAD\OrCAD_10.5\tools\Layout\data\template.imp
Tue Apr 03 16:41:25 Loaded file C:\OrCAD\OrCAD_10.5\tools\Layout\data\template.imp
Tue Apr 03 16:41:28 Loaded file C:\OrCAD\OrCAD_10.5\tools\Layout\data\template.imp
Tue Apr 03 16:41:58 Loaded file C:\OrCAD\OrCAD_10.5\tools\Layout\data\template.imp
Tue Apr 03 16:51:13 Loaded file C:\OrCAD\OrCAD_10.5\tools\Layout\data\template.imp
Tue Apr 03 16:51:20 Loaded file C:\OrCAD\OrCAD_10.5\tools\Layout\library\TM_CYLND.llb
Tue Apr 03 16:51:21 Loaded file C:\OrCAD\OrCAD_10.5\tools\Layout\data\template.imp
Tue Apr 03 17:01:14 Loaded file C:\OrCAD\OrCAD_10.5\tools\Layout\library\SIP.llb
Tue Apr 03 17:01:17 Loaded file C:\OrCAD\OrCAD_10.5\tools\Layout\library\SOG.llb
Tue Apr 03 17:01:18 Loaded file C:\OrCAD\OrCAD_10.5\tools\Layout\library\SOJ.llb
Tue Apr 03 17:01:21 Loaded file C:\USERS\RAFEL\DOCUMENTS\ORCABLIB\LLIBRERIES\LAYOUT\LLIBRERIAMARC_3.LLB
Tue Apr 03 17:01:21 Loaded file C:\ORCAD\ORCAD_10.5\TOOLS\LAYOUT\LIBRARY\TFXXI.LLB
Tue Apr 03 17:01:22 Loaded file C:\ORCAD\ORCAD_10.5\TOOLS\LAYOUT\LIBRARY\LLIBRERIAMARC.LLB
Tue Apr 03 17:01:22 Loaded file C:\OrCAD\OrCAD_10.5\tools\Layout\library\BCON100T.llb
Tue Apr 03 17:01:29 Loaded file C:\OrCAD\OrCAD_10.5\tools\Layout\library\BCON156T.llb
Tue Apr 03 17:01:31 Loaded file C:\OrCAD\OrCAD_10.5\tools\Layout\library\BGA.llb
Tue Apr 03 17:01:44 Loaded file C:\OrCAD\OrCAD_10.5\tools\Layout\library\CLCC.llb
Tue Apr 03 17:01:45 Loaded file C:\OrCAD\OrCAD_10.5\tools\Layout\library\DCON050T.llb
Tue Apr 03 17:01:53 Loaded file C:\OrCAD\OrCAD_10.5\tools\Layout\library\DIMM050F.llb
Tue Apr 03 17:01:54 Loaded file C:\OrCAD\OrCAD_10.5\tools\Layout\library\DIMM050T.llb
Tue Apr 03 17:01:55 Loaded file C:\OrCAD\OrCAD_10.5\tools\Layout\library\DIN.llb
Tue Apr 03 17:01:58 Loaded file C:\OrCAD\OrCAD_10.5\tools\Layout\library\DIP100B.llb
Tue Apr 03 17:01:59 Loaded file C:\OrCAD\OrCAD_10.5\tools\Layout\library\DIP100T.llb
Tue Apr 03 17:02:04 Loaded file C:\OrCAD\OrCAD_10.5\tools\Layout\library\ISA.llb
Tue Apr 03 17:02:07 Loaded file C:\OrCAD\OrCAD_10.5\tools\Layout\library\LCON100T.llb
Tue Apr 03 17:02:10 Loaded file C:\OrCAD\OrCAD_10.5\tools\Layout\library\PCI.llb
Tue Apr 03 17:02:11 Loaded file C:\OrCAD\OrCAD_10.5\tools\Layout\library\PCON100T.llb
Tue Apr 03 17:02:12 Loaded file C:\OrCAD\OrCAD_10.5\tools\Layout\library\PCON156T.llb
Tue Apr 03 17:02:14 Loaded file C:\OrCAD\OrCAD_10.5\tools\Layout\library\PGA.llb
Tue Apr 03 17:02:15 Loaded file C:\OrCAD\OrCAD_10.5\tools\Layout\library\PLCC.llb
Tue Apr 03 17:02:15 Loaded file C:\OrCAD\OrCAD_10.5\tools\Layout\library\QUAD.llb
Tue Apr 03 17:02:18 Loaded file C:\OrCAD\OrCAD_10.5\tools\Layout\library\SBUS.llb
Tue Apr 03 17:02:19 Loaded file C:\OrCAD\OrCAD_10.5\tools\Layout\library\SIMM050F.llb
Tue Apr 03 17:02:22 Loaded file C:\OrCAD\OrCAD_10.5\tools\Layout\library\SIMM050T.llb
Tue Apr 03 17:02:22 Loaded file C:\OrCAD\OrCAD_10.5\tools\Layout\library\SIMM100F.llb
Tue Apr 03 17:02:23 Loaded file C:\OrCAD\OrCAD_10.5\tools\Layout\library\SIMM050T.llb
Tue Apr 03 17:02:31 Loaded file C:\OrCAD\OrCAD_10.5\tools\Layout\library\SIP.llb
Tue Apr 03 17:02:34 Loaded file C:\OrCAD\OrCAD_10.5\tools\Layout\library\SOG.llb
Tue Apr 03 17:02:40 Loaded file C:\OrCAD\OrCAD_10.5\tools\Layout\library\SOJ.llb
Tue Apr 03 17:02:46 Loaded file C:\OrCAD\OrCAD_10.5\tools\Layout\library\TM_RAD.llb
Tue Apr 03 17:02:46 Loaded file C:\OrCAD\OrCAD_10.5\tools\Layout\library\TM_RAD.llb
Tue Apr 03 17:02:46 Loaded file C:\OrCAD\OrCAD_10.5\tools\Layout\library\TM_RAD.llb
Tue Apr 03 17:03:31 Loaded file C:\USERS\RAFEL\DOCUMENTS\ORCABLIB\LLIBRERIES\LAYOUT\LLIBRERIAMARC_3.LLB
Tue Apr 03 17:03:36 Loaded file C:\OrCAD\OrCAD_10.5\tools\Layout\data\template.imp
Tue Apr 03 17:03:57 Loaded file C:\OrCAD\OrCAD_10.5\tools\Layout\data\template.imp
Wed Apr 04 09:24:54 Saved as file BACKUP1.MAX
Wed Apr 04 09:34:54 Saved as file BACKUP1.MAX
Wed Apr 04 09:44:55 Saved as file BACKUP1.MAX
Wed Apr 04 09:54:55 Saved as file BACKUP1.MAX
Wed Apr 04 10:04:55 Saved as file BACKUP1.MAX
Wed Apr 04 10:14:56 Saved as file BACKUP1.MAX
Wed Apr 04 10:24:56 Saved as file BACKUP1.MAX
Wed Apr 04 10:34:56 Saved as file BACKUP1.MAX
Wed Apr 04 10:44:57 Saved as file BACKUP1.MAX
Wed Apr 04 10:54:57 Saved as file BACKUP1.MAX
Wed Apr 04 11:00:10 Loaded file C:\OrCAD\OrCAD_10.5\tools\Layout\data\template.imp
Wed Apr 04 11:00:10 Loaded file C:\OrCAD\OrCAD_10.5\tools\Layout\data\template.imp
Wed Apr 04 11:00:13 Loaded file C:\USERS\RAFEL\DOCUMENTS\ORCABLIB\LLIBRERIES\LAYOUT\LLIBRERIAMARC_3.LLB
Wed Apr 04 11:00:16 Loaded file C:\OrCAD\OrCAD_10.5\tools\Layout\data\template.imp
Wed Apr 04 12:29:07 Saved as file BACKUP1.MAX
Wed Apr 04 12:39:07 Saved as file BACKUP1.MAX
Wed Apr 04 12:49:07 Saved as file BACKUP1.MAX
Wed Apr 04 12:59:08 Saved as file BACKUP1.MAX
Wed Apr 04 13:09:08 Saved as file BACKUP1.MAX
Wed Apr 04 13:19:08 Saved as file BACKUP1.MAX
Wed Apr 04 13:29:08 Saved as file BACKUP1.MAX
Wed Apr 04 13:39:09 Saved as file BACKUP1.MAX
Wed Apr 04 13:49:09 Saved as file BACKUP1.MAX
Wed Apr 04 13:59:09 Saved as file BACKUP1.MAX
Wed Apr 04 14:09:10 Saved as file BACKUP1.MAX
Wed Apr 04 14:19:10 Saved as file BACKUP1.MAX
Wed Apr 04 14:29:10 Saved as file BACKUP1.MAX
Wed Apr 04 14:39:10 Saved as file BACKUP1.MAX
Wed Apr 04 14:49:11 Saved as file BACKUP1.MAX
Wed Apr 04 14:59:11 Saved as file BACKUP1.MAX
Wed Apr 04 15:09:11 Saved as file BACKUP1.MAX
Wed Apr 04 15:19:12 Saved as file BACKUP1.MAX
Wed Apr 04 15:29:12 Saved as file BACKUP1.MAX
Wed Apr 04 15:39:12 Saved as file BACKUP1.MAX
Wed Apr 04 15:49:13 Saved as file BACKUP1.MAX
Wed Apr 04 15:59:13 Saved as file BACKUP1.MAX
Wed Apr 04 16:09:13 Saved as file BACKUP1.MAX
Wed Apr 04 16:19:13 Saved as file BACKUP1.MAX
Wed Apr 04 16:29:14 Saved as file BACKUP1.MAX
Wed Apr 04 16:39:14 Saved as file BACKUP1.MAX
Wed Apr 04 16:49:14 Saved as file BACKUP1.MAX
Wed Apr 04 16:59:15 Saved as file BACKUP1.MAX
Thu Apr 05 08:43:27 Saved as file BACKUP1.MAX
Thu Apr 05 08:53:27 Saved as file BACKUP1.MAX
Thu Apr 05 09:03:28 Saved as file BACKUP1.MAX
Thu Apr 05 09:13:28 Saved as file BACKUP1.MAX
Thu Apr 05 09:23:28 Saved as file BACKUP1.MAX
Thu Apr 05 09:33:28 Saved as file BACKUP1.MAX
Thu Apr 05 09:43:29 Saved as file BACKUP1.MAX
Thu Apr 05 09:53:29 Saved as file BACKUP1.MAX
Thu Apr 05 10:03:29 Saved as file BACKUP1.MAX
Thu Apr 05 10:13:30 Saved as file BACKUP1.MAX
Thu Apr 05 10:23:30 Saved as file BACKUP1.MAX
Thu Apr 05 10:33:30 Saved as file BACKUP1.MAX
Thu Apr 05 10:43:30 Saved as file BACKUP1.MAX
Thu Apr 05 10:53:31 Saved as file BACKUP1.MAX
Thu Apr 05 11:03:31 Saved as file BACKUP1.MAX
Thu Apr 05 11:13:31 Saved as file BACKUP1.MAX
Thu Apr 05 11:23:32 Saved as file BACKUP1.MAX
Thu Apr 05 11:33:32 Saved as file BACKUP1.MAX
Thu Apr 05 11:43:32 Saved as file BACKUP1.MAX
Thu Apr 05 11:53:33 Saved as file BACKUP1.MAX
Thu Apr 05 12:03:33 Saved as file BACKUP1.MAX
Thu Apr 05 12:13:33 Saved as file BACKUP1.MAX
Thu Apr 05 12:23:33 Saved as file BACKUP1.MAX
Thu Apr 05 12:33:34 Saved as file BACKUP1.MAX
Thu Apr 05 12:43:34 Saved as file BACKUP1.MAX
Thu Apr 05 12:53:34 Saved as file BACKUP1.MAX
Thu Apr 05 13:03:35 Saved as file BACKUP1.MAX
Thu Apr 05 13:13:35 Saved as file BACKUP1.MAX
Thu Apr 05 13:23:35 Saved as file BACKUP1.MAX
Thu Apr 05 13:33:35 Saved as file BACKUP1.MAX
Thu Apr 05 13:43:36 Saved as file BACKUP1.MAX
Thu Apr 05 13:53:36 Saved as file BACKUP1.MAX
Thu Apr 05 14:03:36 Saved as file BACKUP1.MAX
Thu Apr 05 14:13:37 Saved as file BACKUP1.MAX
Thu Apr 05 14:23:37 Saved as file BACKUP1.MAX
Thu Apr 05 14:33:37 Saved as file BACKUP1.MAX
Thu Apr 05 14:43:37 Saved as file BACKUP1.MAX
Thu Apr 05 14:53:38 Saved as file BACKUP1.MAX
Thu Apr 05 15:03:38 Saved as file BACKUP1.MAX
Thu Apr 05 15:13:38 Saved as file BACKUP1.MAX
Thu Apr 05 15:23:39 Saved as file BACKUP1.MAX
Thu Apr 05 15:33:39 Saved as file BACKUP1.MAX
Thu Apr 05 15:43:39 Saved as file BACKUP1.MAX
Thu Apr 05 15:53:40 Saved as file BACKUP1.MAX
Thu Apr 05 16:03:40 Saved as file BACKUP1.MAX
Thu Apr 05 16:13:40 Saved as file BACKUP1.MAX
Thu Apr 05 16:24:10 Saved as file BACKUP1.MAX
Thu Apr 05 16:34:11 Saved as file BACKUP1.MAX
Thu Apr 05 16:44:11 Saved as file BACKUP1.MAX
Thu Apr 05 16:54:11 Saved as file BACKUP1.MAX
Thu Apr 05 17:04:12 Saved as file BACKUP1.MAX
Thu Apr 05 17:14:12 Saved as file BACKUP1.MAX
Thu Apr 05 17:24:12 Saved as file BACKUP1.MAX
Thu Apr 05 17:34:12 Saved as file BACKUP1.MAX
Thu Apr 05 17:44:13 Saved as file BACKUP1.MAX
Thu Apr 05 17:54:13 Saved as file BACKUP1.MAX
Thu Apr 05 18:04:13 Saved as file BACKUP1.MAX
Thu Apr 05 18:14:14 Saved as file BACKUP1.MAX
Mon Apr 16 15:04:42 Saved as file BACKUP1.MAX
Mon Apr 16 15:14:42 Saved as file BACKUP1.MAX
Mon Apr 16 15:24:43 Saved as file BACKUP1.MAX
Mon Apr 16 15:34:43 Saved as file BACKUP1.MAX
Mon Apr 16 15:44:43 Saved as file BACKUP1.MAX
Mon Apr 16 15:54:44 Saved as file BACKUP1.MAX
Mon Apr 16 16:04:44 Saved as file BACKUP1.MAX
Mon Apr 16 16:14:44 Saved as file BACKUP1.MAX
Mon Apr 16 16:24:44 Saved as file BACKUP1.MAX
Mon Apr 16 16:34:45 Saved as file BACKUP1.MAX
Mon Apr 16 16:44:45 Saved as file BACKUP1.MAX
Mon Apr 16 16:54:45 Saved as file BACKUP1.MAX
Mon Apr 16 17:04:46 Saved as file BACKUP1.MAX
Mon Apr 16 17:14:46 Saved as file BACKUP1.MAX
Mon Apr 16 17:24:46 Saved as file BACKUP1.MAX
